# JRE version: Java(TM) SE Runtime Environment (17.0.12+8) (build 17.0.12+8-LTS-286)
# Java VM: Java HotSpot(TM) 64-Bit Server VM (17.0.12+8-LTS-286, mixed mode, sharing, tiered, compressed oops, compressed class ptrs, g1 gc, windows-amd64)
GC Precious Log:
 CPUs: 4 total, 4 available
 Memory: 4011M
 Large Page Support: Disabled
 NUMA Support: Disabled
 Compressed Oops: Enabled (32-bit)
 Heap Region Size: 1M
 Heap Min Capacity: 8M
 Heap Initial Capacity: 64M
 Heap Max Capacity: 1004M
 Pre-touch: Disabled
 Parallel Workers: 4
 Concurrent Workers: 1
 Concurrent Refinement Workers: 4
 Periodic GC: Disabled
Heap:
 garbage-first heap   total 178176K, used 97378K [0x00000000c1400000, 0x0000000100000000)
  region size 1024K, 7 young (7168K), 4 survivors (4096K)
 Metaspace       used 77211K, committed 77504K, reserved 1179648K
  class space    used 8108K, committed 8256K, reserved 1048576K
GC Heap History (20 events):
Event: 432.128 GC heap before
{Heap before GC invocations=52 (full 0):
 garbage-first heap   total 155648K, used 128743K [0x00000000c1400000, 0x0000000100000000)
  region size 1024K, 43 young (44032K), 1 survivors (1024K)
 Metaspace       used 57831K, committed 58112K, reserved 1114112K
  class space    used 6410K, committed 6592K, reserved 1048576K
}
Event: 432.139 GC heap after
{Heap after GC invocations=53 (full 0):
 garbage-first heap   total 155648K, used 86071K [0x00000000c1400000, 0x0000000100000000)
  region size 1024K, 2 young (2048K), 2 survivors (2048K)
 Metaspace       used 57831K, committed 58112K, reserved 1114112K
  class space    used 6410K, committed 6592K, reserved 1048576K
}
Event: 466.278 GC heap before
{Heap before GC invocations=53 (full 0):
 garbage-first heap   total 155648K, used 129079K [0x00000000c1400000, 0x0000000100000000)
  region size 1024K, 44 young (45056K), 2 survivors (2048K)
 Metaspace       used 63298K, committed 63552K, reserved 1114112K
  class space    used 6912K, committed 7040K, reserved 1048576K
}
Event: 466.374 GC heap after
{Heap after GC invocations=54 (full 0):
 garbage-first heap   total 155648K, used 87642K [0x00000000c1400000, 0x0000000100000000)
  region size 1024K, 3 young (3072K), 3 survivors (3072K)
 Metaspace       used 63298K, committed 63552K, reserved 1114112K
  class space    used 6912K, committed 7040K, reserved 1048576K
}
Event: 506.480 GC heap before
{Heap before GC invocations=54 (full 0):
 garbage-first heap   total 155648K, used 130650K [0x00000000c1400000, 0x0000000100000000)
  region size 1024K, 45 young (46080K), 3 survivors (3072K)
 Metaspace       used 65178K, committed 65536K, reserved 1114112K
  class space    used 7062K, committed 7232K, reserved 1048576K
}
Event: 507.082 GC heap after
{Heap after GC invocations=55 (full 0):
 garbage-first heap   total 155648K, used 93222K [0x00000000c1400000, 0x0000000100000000)
  region size 1024K, 6 young (6144K), 6 survivors (6144K)
 Metaspace       used 65178K, committed 65536K, reserved 1114112K
  class space    used 7062K, committed 7232K, reserved 1048576K
}
Event: 507.439 GC heap before
{Heap before GC invocations=55 (full 0):
 garbage-first heap   total 155648K, used 97318K [0x00000000c1400000, 0x0000000100000000)
  region size 1024K, 10 young (10240K), 6 survivors (6144K)
 Metaspace       used 65181K, committed 65536K, reserved 1114112K
  class space    used 7062K, committed 7232K, reserved 1048576K
}
Event: 507.488 GC heap after
{Heap after GC invocations=56 (full 0):
 garbage-first heap   total 155648K, used 95018K [0x00000000c1400000, 0x0000000100000000)
  region size 1024K, 2 young (2048K), 2 survivors (2048K)
 Metaspace       used 65181K, committed 65536K, reserved 1114112K
  class space    used 7062K, committed 7232K, reserved 1048576K
}
Event: 524.330 GC heap before
{Heap before GC invocations=56 (full 0):
 garbage-first heap   total 155648K, used 121642K [0x00000000c1400000, 0x0000000100000000)
  region size 1024K, 28 young (28672K), 2 survivors (2048K)
 Metaspace       used 69097K, committed 69440K, reserved 1114112K
  class space    used 7412K, committed 7552K, reserved 1048576K
}
Event: 524.380 GC heap after
{Heap after GC invocations=57 (full 0):
 garbage-first heap   total 155648K, used 98445K [0x00000000c1400000, 0x0000000100000000)
  region size 1024K, 4 young (4096K), 4 survivors (4096K)
 Metaspace       used 69097K, committed 69440K, reserved 1114112K
  class space    used 7412K, committed 7552K, reserved 1048576K
}
Event: 534.399 GC heap before
{Heap before GC invocations=57 (full 0):
 garbage-first heap   total 155648K, used 125069K [0x00000000c1400000, 0x0000000100000000)
  region size 1024K, 30 young (30720K), 4 survivors (4096K)
 Metaspace       used 74805K, committed 75136K, reserved 1179648K
  class space    used 7986K, committed 8128K, reserved 1048576K
}
Event: 534.778 GC heap after
{Heap after GC invocations=58 (full 0):
 garbage-first heap   total 155648K, used 99848K [0x00000000c1400000, 0x0000000100000000)
  region size 1024K, 2 young (2048K), 2 survivors (2048K)
 Metaspace       used 74805K, committed 75136K, reserved 1179648K
  class space    used 7986K, committed 8128K, reserved 1048576K
}
Event: 544.832 GC heap before
{Heap before GC invocations=59 (full 0):
 garbage-first heap   total 178176K, used 116232K [0x00000000c1400000, 0x0000000100000000)
  region size 1024K, 20 young (20480K), 2 survivors (2048K)
 Metaspace       used 76530K, committed 76864K, reserved 1179648K
  class space    used 8083K, committed 8256K, reserved 1048576K
}
Event: 544.841 GC heap after
{Heap after GC invocations=60 (full 0):
 garbage-first heap   total 178176K, used 98558K [0x00000000c1400000, 0x0000000100000000)
  region size 1024K, 2 young (2048K), 2 survivors (2048K)
 Metaspace       used 76530K, committed 76864K, reserved 1179648K
  class space    used 8083K, committed 8256K, reserved 1048576K
}
Event: 546.161 GC heap before
{Heap before GC invocations=60 (full 0):
 garbage-first heap   total 178176K, used 104702K [0x00000000c1400000, 0x0000000100000000)
  region size 1024K, 8 young (8192K), 2 survivors (2048K)
 Metaspace       used 76711K, committed 77056K, reserved 1179648K
  class space    used 8086K, committed 8256K, reserved 1048576K
}
Event: 546.391 GC heap after
{Heap after GC invocations=61 (full 0):
 garbage-first heap   total 178176K, used 89822K [0x00000000c1400000, 0x0000000100000000)
  region size 1024K, 1 young (1024K), 1 survivors (1024K)
 Metaspace       used 76711K, committed 77056K, reserved 1179648K
  class space    used 8086K, committed 8256K, reserved 1048576K
}
Event: 548.328 GC heap before
{Heap before GC invocations=61 (full 0):
 garbage-first heap   total 178176K, used 116446K [0x00000000c1400000, 0x0000000100000000)
  region size 1024K, 27 young (27648K), 1 survivors (1024K)
 Metaspace       used 76945K, committed 77248K, reserved 1179648K
  class space    used 8103K, committed 8256K, reserved 1048576K
}
Event: 548.341 GC heap after
{Heap after GC invocations=62 (full 0):
 garbage-first heap   total 178176K, used 92013K [0x00000000c1400000, 0x0000000100000000)
  region size 1024K, 3 young (3072K), 3 survivors (3072K)
 Metaspace       used 76945K, committed 77248K, reserved 1179648K
  class space    used 8103K, committed 8256K, reserved 1048576K
}
Event: 549.139 GC heap before
{Heap before GC invocations=62 (full 0):
 garbage-first heap   total 178176K, used 115565K [0x00000000c1400000, 0x0000000100000000)
  region size 1024K, 26 young (26624K), 3 survivors (3072K)
 Metaspace       used 77048K, committed 77376K, reserved 1179648K
  class space    used 8103K, committed 8256K, reserved 1048576K
}
Event: 549.301 GC heap after
{Heap after GC invocations=63 (full 0):
 garbage-first heap   total 178176K, used 94116K [0x00000000c1400000, 0x0000000100000000)
  region size 1024K, 3 young (3072K), 3 survivors (3072K)
 Metaspace       used 77048K, committed 77376K, reserved 1179648K
  class space    used 8103K, committed 8256K, reserved 1048576K
}

