# JRE version: Java(TM) SE Runtime Environment (17.0.12+8) (build 17.0.12+8-LTS-286)
# Java VM: Java HotSpot(TM) 64-Bit Server VM (17.0.12+8-LTS-286, mixed mode, sharing, tiered, compressed oops, compressed class ptrs, g1 gc, windows-amd64)
GC Precious Log:
 CPUs: 4 total, 4 available
 Memory: 4011M
 Large Page Support: Disabled
 NUMA Support: Disabled
 Compressed Oops: Enabled (32-bit)
 Heap Region Size: 1M
 Heap Min Capacity: 8M
 Heap Initial Capacity: 64M
 Heap Max Capacity: 1004M
 Pre-touch: Disabled
 Parallel Workers: 4
 Concurrent Workers: 1
 Concurrent Refinement Workers: 4
 Periodic GC: Disabled
Heap:
 garbage-first heap   total 173056K, used 134448K [0x00000000c1400000, 0x0000000100000000)
  region size 1024K, 12 young (12288K), 3 survivors (3072K)
 Metaspace       used 79877K, committed 80192K, reserved 1179648K
  class space    used 8286K, committed 8448K, reserved 1048576K
GC Heap History (20 events):
Event: 499.713 GC heap before
{Heap before GC invocations=70 (full 0):
 garbage-first heap   total 173056K, used 143049K [0x00000000c1400000, 0x0000000100000000)
  region size 1024K, 28 young (28672K), 4 survivors (4096K)
 Metaspace       used 73760K, committed 74112K, reserved 1179648K
  class space    used 7821K, committed 8000K, reserved 1048576K
}
Event: 499.736 GC heap after
{Heap after GC invocations=71 (full 0):
 garbage-first heap   total 173056K, used 121083K [0x00000000c1400000, 0x0000000100000000)
  region size 1024K, 4 young (4096K), 4 survivors (4096K)
 Metaspace       used 73760K, committed 74112K, reserved 1179648K
  class space    used 7821K, committed 8000K, reserved 1048576K
}
Event: 507.583 GC heap before
{Heap before GC invocations=71 (full 0):
 garbage-first heap   total 173056K, used 144635K [0x00000000c1400000, 0x0000000100000000)
  region size 1024K, 27 young (27648K), 4 survivors (4096K)
 Metaspace       used 74178K, committed 74496K, reserved 1179648K
  class space    used 7842K, committed 8000K, reserved 1048576K
}
Event: 507.631 GC heap after
{Heap after GC invocations=72 (full 0):
 garbage-first heap   total 173056K, used 122194K [0x00000000c1400000, 0x0000000100000000)
  region size 1024K, 2 young (2048K), 2 survivors (2048K)
 Metaspace       used 74178K, committed 74496K, reserved 1179648K
  class space    used 7842K, committed 8000K, reserved 1048576K
}
Event: 511.133 GC heap before
{Heap before GC invocations=72 (full 0):
 garbage-first heap   total 173056K, used 145746K [0x00000000c1400000, 0x0000000100000000)
  region size 1024K, 25 young (25600K), 2 survivors (2048K)
 Metaspace       used 74786K, committed 75136K, reserved 1179648K
  class space    used 7882K, committed 8064K, reserved 1048576K
}
Event: 511.147 GC heap after
{Heap after GC invocations=73 (full 0):
 garbage-first heap   total 173056K, used 122530K [0x00000000c1400000, 0x0000000100000000)
  region size 1024K, 2 young (2048K), 2 survivors (2048K)
 Metaspace       used 74786K, committed 75136K, reserved 1179648K
  class space    used 7882K, committed 8064K, reserved 1048576K
}
Event: 514.080 GC heap before
{Heap before GC invocations=73 (full 0):
 garbage-first heap   total 173056K, used 148130K [0x00000000c1400000, 0x0000000100000000)
  region size 1024K, 27 young (27648K), 2 survivors (2048K)
 Metaspace       used 75015K, committed 75328K, reserved 1179648K
  class space    used 7891K, committed 8064K, reserved 1048576K
}
Event: 514.101 GC heap after
{Heap after GC invocations=74 (full 0):
 garbage-first heap   total 173056K, used 123465K [0x00000000c1400000, 0x0000000100000000)
  region size 1024K, 3 young (3072K), 3 survivors (3072K)
 Metaspace       used 75015K, committed 75328K, reserved 1179648K
  class space    used 7891K, committed 8064K, reserved 1048576K
}
Event: 517.427 GC heap before
{Heap before GC invocations=74 (full 0):
 garbage-first heap   total 173056K, used 148041K [0x00000000c1400000, 0x0000000100000000)
  region size 1024K, 27 young (27648K), 3 survivors (3072K)
 Metaspace       used 75285K, committed 75584K, reserved 1179648K
  class space    used 7910K, committed 8064K, reserved 1048576K
}
Event: 517.460 GC heap after
{Heap after GC invocations=75 (full 0):
 garbage-first heap   total 173056K, used 124922K [0x00000000c1400000, 0x0000000100000000)
  region size 1024K, 3 young (3072K), 3 survivors (3072K)
 Metaspace       used 75285K, committed 75584K, reserved 1179648K
  class space    used 7910K, committed 8064K, reserved 1048576K
}
Event: 519.123 GC heap before
{Heap before GC invocations=75 (full 0):
 garbage-first heap   total 173056K, used 148474K [0x00000000c1400000, 0x0000000100000000)
  region size 1024K, 26 young (26624K), 3 survivors (3072K)
 Metaspace       used 75353K, committed 75648K, reserved 1179648K
  class space    used 7912K, committed 8064K, reserved 1048576K
}
Event: 519.144 GC heap after
{Heap after GC invocations=76 (full 0):
 garbage-first heap   total 173056K, used 125338K [0x00000000c1400000, 0x0000000100000000)
  region size 1024K, 2 young (2048K), 2 survivors (2048K)
 Metaspace       used 75353K, committed 75648K, reserved 1179648K
  class space    used 7912K, committed 8064K, reserved 1048576K
}
Event: 521.998 GC heap before
{Heap before GC invocations=76 (full 0):
 garbage-first heap   total 173056K, used 149914K [0x00000000c1400000, 0x0000000100000000)
  region size 1024K, 26 young (26624K), 2 survivors (2048K)
 Metaspace       used 75442K, committed 75776K, reserved 1179648K
  class space    used 7912K, committed 8064K, reserved 1048576K
}
Event: 522.012 GC heap after
{Heap after GC invocations=77 (full 0):
 garbage-first heap   total 173056K, used 126285K [0x00000000c1400000, 0x0000000100000000)
  region size 1024K, 3 young (3072K), 3 survivors (3072K)
 Metaspace       used 75442K, committed 75776K, reserved 1179648K
  class space    used 7912K, committed 8064K, reserved 1048576K
}
Event: 523.747 GC heap before
{Heap before GC invocations=77 (full 0):
 garbage-first heap   total 173056K, used 149837K [0x00000000c1400000, 0x0000000100000000)
  region size 1024K, 26 young (26624K), 3 survivors (3072K)
 Metaspace       used 75576K, committed 75904K, reserved 1179648K
  class space    used 7918K, committed 8064K, reserved 1048576K
}
Event: 523.771 GC heap after
{Heap after GC invocations=78 (full 0):
 garbage-first heap   total 173056K, used 127130K [0x00000000c1400000, 0x0000000100000000)
  region size 1024K, 3 young (3072K), 3 survivors (3072K)
 Metaspace       used 75576K, committed 75904K, reserved 1179648K
  class space    used 7918K, committed 8064K, reserved 1048576K
}
Event: 527.393 GC heap before
{Heap before GC invocations=78 (full 0):
 garbage-first heap   total 173056K, used 148634K [0x00000000c1400000, 0x0000000100000000)
  region size 1024K, 25 young (25600K), 3 survivors (3072K)
 Metaspace       used 75813K, committed 76096K, reserved 1179648K
  class space    used 7933K, committed 8064K, reserved 1048576K
}
Event: 527.409 GC heap after
{Heap after GC invocations=79 (full 0):
 garbage-first heap   total 173056K, used 127598K [0x00000000c1400000, 0x0000000100000000)
  region size 1024K, 3 young (3072K), 3 survivors (3072K)
 Metaspace       used 75813K, committed 76096K, reserved 1179648K
  class space    used 7933K, committed 8064K, reserved 1048576K
}
Event: 545.067 GC heap before
{Heap before GC invocations=79 (full 0):
 garbage-first heap   total 173056K, used 147054K [0x00000000c1400000, 0x0000000100000000)
  region size 1024K, 23 young (23552K), 3 survivors (3072K)
 Metaspace       used 79424K, committed 79680K, reserved 1179648K
  class space    used 8253K, committed 8384K, reserved 1048576K
}
Event: 545.123 GC heap after
{Heap after GC invocations=80 (full 0):
 garbage-first heap   total 173056K, used 128304K [0x00000000c1400000, 0x0000000100000000)
  region size 1024K, 3 young (3072K), 3 survivors (3072K)
 Metaspace       used 79424K, committed 79680K, reserved 1179648K
  class space    used 8253K, committed 8384K, reserved 1048576K
}

